[15:58:13] [ServerMain/INFO]: Environment: Environment[sessionHost=https://sessionserver.mojang.com, servicesHost=https://api.minecraftservices.com, name=PROD]
[15:58:14] [ServerMain/INFO]: No existing world data, creating new world
[15:58:15] [ServerMain/INFO]: Loaded 1175 recipes
[15:58:15] [ServerMain/INFO]: Loaded 1276 advancements
[15:58:15] [Server thread/INFO]: Starting minecraft server version 1.20.5
[15:58:15] [Server thread/INFO]: Loading properties
[15:58:15] [Server thread/INFO]: Default game type: SURVIVAL
[15:58:15] [Server thread/INFO]: Generating keypair
[15:58:16] [Server thread/INFO]: Starting Minecraft server on *:25565
[15:58:16] [Server thread/INFO]: Using epoll channel type
[15:58:16] [Server thread/WARN]: **** SERVER IS RUNNING IN OFFLINE/INSECURE MODE!
[15:58:16] [Server thread/WARN]: The server will make no attempt to authenticate usernames. Beware.
[15:58:16] [Server thread/WARN]: While this makes the game possible to play without internet access, it also opens up the ability for hackers to connect with any username they choose.
[15:58:16] [Server thread/WARN]: To change this, set "online-mode" to "true" in the server.properties file.
[15:58:16] [Server thread/INFO]: Preparing level "world"
[15:58:21] [Server thread/INFO]: Preparing start region for dimension minecraft:overworld
[15:58:21] [Worker-Main-2/INFO]: Preparing spawn area: 2%
[15:58:21] [Worker-Main-1/INFO]: Preparing spawn area: 2%
[15:58:22] [Worker-Main-1/INFO]: Preparing spawn area: 4%
[15:58:22] [Worker-Main-1/INFO]: Preparing spawn area: 12%
[15:58:23] [Worker-Main-1/INFO]: Preparing spawn area: 20%
[15:58:23] [Worker-Main-2/INFO]: Preparing spawn area: 24%
[15:58:24] [Worker-Main-2/INFO]: Preparing spawn area: 42%
[15:58:24] [Worker-Main-2/INFO]: Preparing spawn area: 53%
[15:58:25] [Worker-Main-2/INFO]: Preparing spawn area: 71%
[15:58:25] [Worker-Main-3/INFO]: Preparing spawn area: 89%
[15:58:26] [Server thread/INFO]: Time elapsed: 4705 ms
[15:58:26] [Server thread/INFO]: Done (9.862s)! For help, type "help"
[16:00:55] [Server thread/INFO]: Stopping the server
[16:00:55] [Server thread/INFO]: Stopping server
[16:00:55] [Server thread/INFO]: Saving players
[16:00:55] [Server thread/INFO]: Saving worlds
[16:00:56] [Server thread/INFO]: Saving chunks for level 'ServerLevel[world]'/minecraft:overworld
[16:00:57] [Server thread/INFO]: Saving chunks for level 'ServerLevel[world]'/minecraft:the_end
[16:00:57] [Server thread/INFO]: Saving chunks for level 'ServerLevel[world]'/minecraft:the_nether
[16:00:57] [Server thread/INFO]: ThreadedAnvilChunkStorage (world): All chunks are saved
[16:00:57] [Server thread/INFO]: ThreadedAnvilChunkStorage (DIM1): All chunks are saved
[16:00:57] [Server thread/INFO]: ThreadedAnvilChunkStorage (DIM-1): All chunks are saved
[16:00:57] [Server thread/INFO]: ThreadedAnvilChunkStorage: All dimensions are saved
